d:\pcy\rtklib-rtklib_2.4.3\rtklib-rtklib_2.4.3\app\rtkconv_qt\debug\startdlg.obj
d:\pcy\rtklib-rtklib_2.4.3\rtklib-rtklib_2.4.3\app\rtkconv_qt\debug\keydlg.obj
d:\pcy\rtklib-rtklib_2.4.3\rtklib-rtklib_2.4.3\app\rtkconv_qt\debug\viewer.obj
d:\pcy\rtklib-rtklib_2.4.3\rtklib-rtklib_2.4.3\app\rtkconv_qt\debug\rtkconv.obj
d:\pcy\rtklib-rtklib_2.4.3\rtklib-rtklib_2.4.3\app\rtkconv_qt\debug\aboutdlg.obj
d:\pcy\rtklib-rtklib_2.4.3\rtklib-rtklib_2.4.3\app\rtkconv_qt\debug\vieweropt.obj
d:\pcy\rtklib-rtklib_2.4.3\rtklib-rtklib_2.4.3\app\rtkconv_qt\debug\codeopt.obj
d:\pcy\rtklib-rtklib_2.4.3\rtklib-rtklib_2.4.3\app\rtkconv_qt\debug\convopt.obj
d:\pcy\rtklib-rtklib_2.4.3\rtklib-rtklib_2.4.3\app\rtkconv_qt\debug\timedlg.obj
d:\pcy\rtklib-rtklib_2.4.3\rtklib-rtklib_2.4.3\app\rtkconv_qt\debug\moc_predefs.h
d:\pcy\rtklib-rtklib_2.4.3\rtklib-rtklib_2.4.3\app\rtkconv_qt\debug\moc_aboutdlg.cpp
d:\pcy\rtklib-rtklib_2.4.3\rtklib-rtklib_2.4.3\app\rtkconv_qt\debug\moc_codeopt.cpp
d:\pcy\rtklib-rtklib_2.4.3\rtklib-rtklib_2.4.3\app\rtkconv_qt\debug\moc_convmain.cpp
d:\pcy\rtklib-rtklib_2.4.3\rtklib-rtklib_2.4.3\app\rtkconv_qt\debug\moc_convopt.cpp
d:\pcy\rtklib-rtklib_2.4.3\rtklib-rtklib_2.4.3\app\rtkconv_qt\debug\moc_keydlg.cpp
d:\pcy\rtklib-rtklib_2.4.3\rtklib-rtklib_2.4.3\app\rtkconv_qt\debug\moc_startdlg.cpp
d:\pcy\rtklib-rtklib_2.4.3\rtklib-rtklib_2.4.3\app\rtkconv_qt\debug\moc_timedlg.cpp
d:\pcy\rtklib-rtklib_2.4.3\rtklib-rtklib_2.4.3\app\rtkconv_qt\debug\moc_viewer.cpp
d:\pcy\rtklib-rtklib_2.4.3\rtklib-rtklib_2.4.3\app\rtkconv_qt\debug\moc_vieweropt.cpp
d:\pcy\rtklib-rtklib_2.4.3\rtklib-rtklib_2.4.3\app\rtkconv_qt\debug\qrc_rtkconv_qt.cpp
d:\pcy\rtklib-rtklib_2.4.3\rtklib-rtklib_2.4.3\app\rtkconv_qt\ui_aboutdlg.h
d:\pcy\rtklib-rtklib_2.4.3\rtklib-rtklib_2.4.3\app\rtkconv_qt\ui_codeopt.h
d:\pcy\rtklib-rtklib_2.4.3\rtklib-rtklib_2.4.3\app\rtkconv_qt\ui_convmain.h
d:\pcy\rtklib-rtklib_2.4.3\rtklib-rtklib_2.4.3\app\rtkconv_qt\ui_convopt.h
d:\pcy\rtklib-rtklib_2.4.3\rtklib-rtklib_2.4.3\app\rtkconv_qt\ui_keydlg.h
d:\pcy\rtklib-rtklib_2.4.3\rtklib-rtklib_2.4.3\app\rtkconv_qt\ui_startdlg.h
d:\pcy\rtklib-rtklib_2.4.3\rtklib-rtklib_2.4.3\app\rtkconv_qt\ui_timedlg.h
d:\pcy\rtklib-rtklib_2.4.3\rtklib-rtklib_2.4.3\app\rtkconv_qt\ui_viewer.h
d:\pcy\rtklib-rtklib_2.4.3\rtklib-rtklib_2.4.3\app\rtkconv_qt\ui_vieweropt.h
d:\pcy\rtklib-rtklib_2.4.3\rtklib-rtklib_2.4.3\app\rtkconv_qt\debug\vc142.pdb
d:\pcy\rtklib-rtklib_2.4.3\rtklib-rtklib_2.4.3\app\rtkconv_qt\debug\rtkconv_qt.tlog\cl.10880.write.1.tlog
d:\pcy\rtklib-rtklib_2.4.3\rtklib-rtklib_2.4.3\app\rtkconv_qt\debug\rtkconv_qt.tlog\cl.command.1.tlog
d:\pcy\rtklib-rtklib_2.4.3\rtklib-rtklib_2.4.3\app\rtkconv_qt\debug\rtkconv_qt.tlog\cl.read.1.tlog
d:\pcy\rtklib-rtklib_2.4.3\rtklib-rtklib_2.4.3\app\rtkconv_qt\debug\rtkconv_qt.tlog\custombuild.command.1.tlog
d:\pcy\rtklib-rtklib_2.4.3\rtklib-rtklib_2.4.3\app\rtkconv_qt\debug\rtkconv_qt.tlog\custombuild.read.1.tlog
d:\pcy\rtklib-rtklib_2.4.3\rtklib-rtklib_2.4.3\app\rtkconv_qt\debug\rtkconv_qt.tlog\custombuild.write.1.tlog
d:\pcy\rtklib-rtklib_2.4.3\rtklib-rtklib_2.4.3\app\rtkconv_qt\debug\rtkconv_qt.tlog\moc.read.1u.tlog
d:\pcy\rtklib-rtklib_2.4.3\rtklib-rtklib_2.4.3\app\rtkconv_qt\debug\rtkconv_qt.tlog\moc.write.1u.tlog
d:\pcy\rtklib-rtklib_2.4.3\rtklib-rtklib_2.4.3\app\rtkconv_qt\debug\rtkconv_qt.tlog\rcc.read.1u.tlog
d:\pcy\rtklib-rtklib_2.4.3\rtklib-rtklib_2.4.3\app\rtkconv_qt\debug\rtkconv_qt.tlog\rcc.write.1u.tlog
d:\pcy\rtklib-rtklib_2.4.3\rtklib-rtklib_2.4.3\app\rtkconv_qt\debug\rtkconv_qt.tlog\rtkconv_qt.write.1u.tlog
d:\pcy\rtklib-rtklib_2.4.3\rtklib-rtklib_2.4.3\app\rtkconv_qt\debug\rtkconv_qt.tlog\uic.read.1u.tlog
d:\pcy\rtklib-rtklib_2.4.3\rtklib-rtklib_2.4.3\app\rtkconv_qt\debug\rtkconv_qt.tlog\uic.write.1u.tlog
