  convgpx.c
  convkml.c
  convrnx.c
  datum.c
  download.c
  ephemeris.c
  geoid.c
  gis.c
  ionex.c
  lambda.c
  options.c
  pntpos.c
  postpos.c
  ppp.c
  ppp_ar.c
  ppp_corr.c
D:\rtklib\RTKLIB-rtklib_2.4.3\src\convkml.c(36,38): warning C4100: “outtime”: 未引用的形参
D:\rtklib\RTKLIB-rtklib_2.4.3\src\convrnx.c(890,45): warning C4100: “opt”: 未引用的形参
D:\rtklib\RTKLIB-rtklib_2.4.3\src\download.c(130,39): warning C4133: “函数”: 从“const char *”到“LPCWSTR”的类型不兼容
D:\rtklib\RTKLIB-rtklib_2.4.3\src\download.c(284,29): warning C4133: “函数”: 从“char [1024]”到“LPCWSTR”的类型不兼容
D:\rtklib\RTKLIB-rtklib_2.4.3\src\download.c(290,28): warning C4133: “函数”: 从“const char *”到“LPCWSTR”的类型不兼容
D:\rtklib\RTKLIB-rtklib_2.4.3\src\download.c(320,9): warning C4101: “stat”: 未引用的局部变量
D:\rtklib\RTKLIB-rtklib_2.4.3\src\download.c(362,30): warning C4267: “=”: 从“size_t”转换到“int”，可能丢失数据
D:\rtklib\RTKLIB-rtklib_2.4.3\src\download.c(503,22): warning C4101: “remot_p”: 未引用的局部变量
D:\rtklib\RTKLIB-rtklib_2.4.3\src\download.c(774,12): warning C4101: “tow”: 未引用的局部变量
D:\rtklib\RTKLIB-rtklib_2.4.3\src\gis.c(312,25): warning C4101: “q”: 未引用的局部变量
D:\rtklib\RTKLIB-rtklib_2.4.3\src\ppp.c(237,53): warning C4100: “opt”: 未引用的形参
D:\rtklib\RTKLIB-rtklib_2.4.3\src\ppp.c(237,43): warning C4100: “type”: 未引用的形参
D:\rtklib\RTKLIB-rtklib_2.4.3\src\ppp.c(237,26): warning C4100: “sat”: 未引用的形参
D:\rtklib\RTKLIB-rtklib_2.4.3\src\ppp.c(321,26): warning C4100: “sat”: 未引用的形参
D:\rtklib\RTKLIB-rtklib_2.4.3\src\geoid.c(136,47): warning C4100: “nlat”: 未引用的形参
D:\rtklib\RTKLIB-rtklib_2.4.3\src\pntpos.c(174,48): warning C4100: “nav”: 未引用的形参
D:\rtklib\RTKLIB-rtklib_2.4.3\src\ppp.c(891,37): warning C4100: “azel”: 未引用的形参
D:\rtklib\RTKLIB-rtklib_2.4.3\src\ppp_corr.c(24,54): warning C4100: “file”: 未引用的形参
D:\rtklib\RTKLIB-rtklib_2.4.3\src\ppp_corr.c(24,36): warning C4100: “corr”: 未引用的形参
D:\rtklib\RTKLIB-rtklib_2.4.3\src\ppp_corr.c(33,37): warning C4100: “corr”: 未引用的形参
D:\rtklib\RTKLIB-rtklib_2.4.3\src\postpos.c(795,32): warning C4100: “sta”: 未引用的形参
D:\rtklib\RTKLIB-rtklib_2.4.3\src\ppp_corr.c(46,46): warning C4100: “std”: 未引用的形参
D:\rtklib\RTKLIB-rtklib_2.4.3\src\ppp_corr.c(46,33): warning C4100: “trp”: 未引用的形参
D:\rtklib\RTKLIB-rtklib_2.4.3\src\ppp_corr.c(45,76): warning C4100: “pos”: 未引用的形参
D:\rtklib\RTKLIB-rtklib_2.4.3\src\ppp_corr.c(45,56): warning C4100: “time”: 未引用的形参
D:\rtklib\RTKLIB-rtklib_2.4.3\src\postpos.c(838,49): warning C4100: “nav”: 未引用的形参
D:\rtklib\RTKLIB-rtklib_2.4.3\src\ppp_corr.c(45,42): warning C4100: “corr”: 未引用的形参
D:\rtklib\RTKLIB-rtklib_2.4.3\src\postpos.c(837,36): warning C4100: “popt”: 未引用的形参
D:\rtklib\RTKLIB-rtklib_2.4.3\src\ppp_corr.c(61,46): warning C4100: “std”: 未引用的形参
D:\rtklib\RTKLIB-rtklib_2.4.3\src\pntpos.c(495,54): warning C4100: “opt”: 未引用的形参
D:\rtklib\RTKLIB-rtklib_2.4.3\src\ppp_corr.c(61,33): warning C4100: “ion”: 未引用的形参
D:\rtklib\RTKLIB-rtklib_2.4.3\src\ppp_corr.c(60,76): warning C4100: “pos”: 未引用的形参
D:\rtklib\RTKLIB-rtklib_2.4.3\src\ppp_corr.c(60,56): warning C4100: “time”: 未引用的形参
D:\rtklib\RTKLIB-rtklib_2.4.3\src\ppp_corr.c(60,42): warning C4100: “corr”: 未引用的形参
D:\rtklib\RTKLIB-rtklib_2.4.3\src\ppp_ar.c(18,76): warning C4100: “P”: 未引用的形参
D:\rtklib\RTKLIB-rtklib_2.4.3\src\ppp_ar.c(18,65): warning C4100: “x”: 未引用的形参
D:\rtklib\RTKLIB-rtklib_2.4.3\src\ppp_ar.c(18,51): warning C4100: “azel”: 未引用的形参
D:\rtklib\RTKLIB-rtklib_2.4.3\src\ppp_ar.c(18,32): warning C4100: “nav”: 未引用的形参
D:\rtklib\RTKLIB-rtklib_2.4.3\src\ppp_ar.c(17,62): warning C4100: “exc”: 未引用的形参
D:\rtklib\RTKLIB-rtklib_2.4.3\src\ppp_ar.c(17,54): warning C4100: “n”: 未引用的形参
D:\rtklib\RTKLIB-rtklib_2.4.3\src\ppp_ar.c(17,45): warning C4100: “obs”: 未引用的形参
D:\rtklib\RTKLIB-rtklib_2.4.3\src\ppp_ar.c(17,26): warning C4100: “rtk”: 未引用的形参
  preceph.c
  qzslex.c
  binex.c
  cmr.c
  crescent.c
  gw10.c
  javad.c
  novatel.c
  nvs.c
  rcvlex.c
  rt17.c
  septentrio.c
  skytraq.c
  ss2.c
  tersus.c
  ublox.c
D:\rtklib\RTKLIB-rtklib_2.4.3\src\preceph.c(119,48): warning C4100: “sats”: 未引用的形参
D:\rtklib\RTKLIB-rtklib_2.4.3\src\rcv\javad.c(430,29): warning C4100: “raw”: 未引用的形参
D:\rtklib\RTKLIB-rtklib_2.4.3\src\rcv\javad.c(437,29): warning C4100: “raw”: 未引用的形参
D:\rtklib\RTKLIB-rtklib_2.4.3\src\rcv\javad.c(444,29): warning C4100: “raw”: 未引用的形参
D:\rtklib\RTKLIB-rtklib_2.4.3\src\rcv\javad.c(451,29): warning C4100: “raw”: 未引用的形参
D:\rtklib\RTKLIB-rtklib_2.4.3\src\rcv\javad.c(458,29): warning C4100: “raw”: 未引用的形参
D:\rtklib\RTKLIB-rtklib_2.4.3\src\rcv\javad.c(465,29): warning C4100: “raw”: 未引用的形参
D:\rtklib\RTKLIB-rtklib_2.4.3\src\rcv\javad.c(472,29): warning C4100: “raw”: 未引用的形参
D:\rtklib\RTKLIB-rtklib_2.4.3\src\rcv\javad.c(808,29): warning C4100: “raw”: 未引用的形参
D:\rtklib\RTKLIB-rtklib_2.4.3\src\rcv\javad.c(815,29): warning C4100: “raw”: 未引用的形参
D:\rtklib\RTKLIB-rtklib_2.4.3\src\rcv\javad.c(822,29): warning C4100: “raw”: 未引用的形参
D:\rtklib\RTKLIB-rtklib_2.4.3\src\rcv\javad.c(829,29): warning C4100: “raw”: 未引用的形参
D:\rtklib\RTKLIB-rtklib_2.4.3\src\rcv\javad.c(856,50): warning C4100: “len”: 未引用的形参
D:\rtklib\RTKLIB-rtklib_2.4.3\src\rcv\nvs.c(105,46): warning C4244: “=”: 从“double”转换到“int”，可能丢失数据
D:\rtklib\RTKLIB-rtklib_2.4.3\src\rcv\rcvlex.c(148,38): warning C4244: “=”: 从“double”转换到“float”，可能丢失数据
D:\rtklib\RTKLIB-rtklib_2.4.3\src\rcv\javad.c(918,71): warning C4100: “raw”: 未引用的形参
D:\rtklib\RTKLIB-rtklib_2.4.3\src\rcv\javad.c(945,71): warning C4100: “raw”: 未引用的形参
D:\rtklib\RTKLIB-rtklib_2.4.3\src\rcv\javad.c(972,72): warning C4100: “raw”: 未引用的形参
D:\rtklib\RTKLIB-rtklib_2.4.3\src\rcv\nvs.c(267,29): warning C4244: “=”: 从“double”转换到“int”，可能丢失数据
D:\rtklib\RTKLIB-rtklib_2.4.3\src\rcv\javad.c(972,41): warning C4100: “buff”: 未引用的形参
D:\rtklib\RTKLIB-rtklib_2.4.3\src\rcv\nvs.c(249,32): warning C4100: “sat”: 未引用的形参
D:\rtklib\RTKLIB-rtklib_2.4.3\src\rcv\javad.c(1048,29): warning C4100: “raw”: 未引用的形参
D:\rtklib\RTKLIB-rtklib_2.4.3\src\rcv\javad.c(1112,29): warning C4100: “raw”: 未引用的形参
D:\rtklib\RTKLIB-rtklib_2.4.3\src\rcv\javad.c(1119,29): warning C4100: “raw”: 未引用的形参
D:\rtklib\RTKLIB-rtklib_2.4.3\src\rcv\javad.c(1126,29): warning C4100: “raw”: 未引用的形参
D:\rtklib\RTKLIB-rtklib_2.4.3\src\qzslex.c(375,71): warning C4100: “tof”: 未引用的形参
D:\rtklib\RTKLIB-rtklib_2.4.3\src\qzslex.c(375,57): warning C4100: “nav”: 未引用的形参
D:\rtklib\RTKLIB-rtklib_2.4.3\src\qzslex.c(375,45): warning C4100: “msg”: 未引用的形参
D:\rtklib\RTKLIB-rtklib_2.4.3\src\rcv\rt17.c(808,41): warning C4100: “Raw”: 未引用的形参
D:\rtklib\RTKLIB-rtklib_2.4.3\src\rcv\rt17.c(940,42): warning C4100: “Raw”: 未引用的形参
D:\rtklib\RTKLIB-rtklib_2.4.3\src\rcv\rt17.c(1045,42): warning C4100: “Raw”: 未引用的形参
  rcvraw.c
D:\rtklib\RTKLIB-rtklib_2.4.3\src\rcv\rt17.c(1417,39): warning C4100: “Raw”: 未引用的形参
D:\rtklib\RTKLIB-rtklib_2.4.3\src\rcv\rt17.c(1781,42): warning C4244: “=”: 从“double”转换到“unsigned char”，可能丢失数据
D:\rtklib\RTKLIB-rtklib_2.4.3\src\rcv\rt17.c(1794,34): warning C4244: “=”: 从“double”转换到“float”，可能丢失数据
D:\rtklib\RTKLIB-rtklib_2.4.3\src\rcv\rt17.c(1804,42): warning C4244: “=”: 从“double”转换到“unsigned char”，可能丢失数据
D:\rtklib\RTKLIB-rtklib_2.4.3\src\rcv\rt17.c(1830,34): warning C4244: “=”: 从“double”转换到“float”，可能丢失数据
  rinex.c
  rtcm.c
  rtcm2.c
D:\rtklib\RTKLIB-rtklib_2.4.3\src\rcv\skytraq.c(197,52): warning C4244: “=”: 从“double”转换到“float”，可能丢失数据
D:\rtklib\RTKLIB-rtklib_2.4.3\src\rcv\skytraq.c(319,21): warning C4244: “=”: 从“unsigned short”转换到“unsigned char”，可能丢失数据
D:\rtklib\RTKLIB-rtklib_2.4.3\src\rcv\skytraq.c(326,52): warning C4244: “=”: 从“double”转换到“float”，可能丢失数据
D:\rtklib\RTKLIB-rtklib_2.4.3\src\rcv\septentrio.c(369,33): warning C4244: “=”: 从“int16_t”转换到“unsigned char”，可能丢失数据
D:\rtklib\RTKLIB-rtklib_2.4.3\src\rcv\septentrio.c(406,44): warning C4244: “=”: 从“int16_t”转换到“unsigned char”，可能丢失数据
D:\rtklib\RTKLIB-rtklib_2.4.3\src\rcv\septentrio.c(414,52): warning C4244: “=”: 从“uint16_t”转换到“unsigned char”，可能丢失数据
  rtcm3.c
D:\rtklib\RTKLIB-rtklib_2.4.3\src\rcv\cmr.c(2103,30): warning C4267: “-=”: 从“size_t”转换到“int”，可能丢失数据
  rtcm3e.c
D:\rtklib\RTKLIB-rtklib_2.4.3\src\rcv\cmr.c(2439,31): warning C4244: “=”: 从“double”转换到“time_t”，可能丢失数据
D:\rtklib\RTKLIB-rtklib_2.4.3\src\rcv\cmr.c(2556,38): warning C4244: “=”: 从“double”转换到“unsigned char”，可能丢失数据
D:\rtklib\RTKLIB-rtklib_2.4.3\src\rcv\cmr.c(2557,38): warning C4244: “=”: 从“double”转换到“unsigned char”，可能丢失数据
D:\rtklib\RTKLIB-rtklib_2.4.3\src\rcv\tersus.c(576,36): warning C4100: “raw”: 未引用的形参
  rtkcmn.c
  rtkpos.c
D:\rtklib\RTKLIB-rtklib_2.4.3\src\rcv\binex.c(145,66): warning C4100: “len”: 未引用的形参
D:\rtklib\RTKLIB-rtklib_2.4.3\src\rcv\binex.c(145,56): warning C4100: “buff”: 未引用的形参
  rtksvr.c
D:\rtklib\RTKLIB-rtklib_2.4.3\src\rcv\binex.c(145,36): warning C4100: “raw”: 未引用的形参
D:\rtklib\RTKLIB-rtklib_2.4.3\src\rcv\binex.c(151,66): warning C4100: “len”: 未引用的形参
D:\rtklib\RTKLIB-rtklib_2.4.3\src\rcv\binex.c(151,56): warning C4100: “buff”: 未引用的形参
D:\rtklib\RTKLIB-rtklib_2.4.3\src\rcv\binex.c(151,36): warning C4100: “raw”: 未引用的形参
  sbas.c
D:\rtklib\RTKLIB-rtklib_2.4.3\src\rcv\binex.c(157,66): warning C4100: “len”: 未引用的形参
D:\rtklib\RTKLIB-rtklib_2.4.3\src\rcv\binex.c(157,56): warning C4100: “buff”: 未引用的形参
D:\rtklib\RTKLIB-rtklib_2.4.3\src\rcv\binex.c(157,36): warning C4100: “raw”: 未引用的形参
D:\rtklib\RTKLIB-rtklib_2.4.3\src\rcv\binex.c(163,66): warning C4100: “len”: 未引用的形参
D:\rtklib\RTKLIB-rtklib_2.4.3\src\rcv\binex.c(163,56): warning C4100: “buff”: 未引用的形参
D:\rtklib\RTKLIB-rtklib_2.4.3\src\rcv\binex.c(163,36): warning C4100: “raw”: 未引用的形参
D:\rtklib\RTKLIB-rtklib_2.4.3\src\rcv\binex.c(169,66): warning C4100: “len”: 未引用的形参
D:\rtklib\RTKLIB-rtklib_2.4.3\src\rcv\binex.c(169,56): warning C4100: “buff”: 未引用的形参
D:\rtklib\RTKLIB-rtklib_2.4.3\src\rcv\binex.c(169,36): warning C4100: “raw”: 未引用的形参
D:\rtklib\RTKLIB-rtklib_2.4.3\src\rcv\binex.c(175,66): warning C4100: “len”: 未引用的形参
D:\rtklib\RTKLIB-rtklib_2.4.3\src\rcv\binex.c(175,56): warning C4100: “buff”: 未引用的形参
D:\rtklib\RTKLIB-rtklib_2.4.3\src\rcv\binex.c(175,36): warning C4100: “raw”: 未引用的形参
D:\rtklib\RTKLIB-rtklib_2.4.3\src\rcv\binex.c(181,66): warning C4100: “len”: 未引用的形参
D:\rtklib\RTKLIB-rtklib_2.4.3\src\rcv\binex.c(181,56): warning C4100: “buff”: 未引用的形参
D:\rtklib\RTKLIB-rtklib_2.4.3\src\rcv\binex.c(181,36): warning C4100: “raw”: 未引用的形参
D:\rtklib\RTKLIB-rtklib_2.4.3\src\rcv\binex.c(187,66): warning C4100: “len”: 未引用的形参
D:\rtklib\RTKLIB-rtklib_2.4.3\src\rcv\binex.c(187,56): warning C4100: “buff”: 未引用的形参
D:\rtklib\RTKLIB-rtklib_2.4.3\src\rcv\binex.c(187,36): warning C4100: “raw”: 未引用的形参
D:\rtklib\RTKLIB-rtklib_2.4.3\src\rcv\binex.c(193,66): warning C4100: “len”: 未引用的形参
D:\rtklib\RTKLIB-rtklib_2.4.3\src\rcv\binex.c(193,56): warning C4100: “buff”: 未引用的形参
D:\rtklib\RTKLIB-rtklib_2.4.3\src\rcv\binex.c(193,36): warning C4100: “raw”: 未引用的形参
D:\rtklib\RTKLIB-rtklib_2.4.3\src\rcv\binex.c(199,66): warning C4100: “len”: 未引用的形参
D:\rtklib\RTKLIB-rtklib_2.4.3\src\rcv\binex.c(199,56): warning C4100: “buff”: 未引用的形参
D:\rtklib\RTKLIB-rtklib_2.4.3\src\rcv\binex.c(199,36): warning C4100: “raw”: 未引用的形参
D:\rtklib\RTKLIB-rtklib_2.4.3\src\rcv\binex.c(205,66): warning C4100: “len”: 未引用的形参
D:\rtklib\RTKLIB-rtklib_2.4.3\src\rcv\binex.c(205,56): warning C4100: “buff”: 未引用的形参
D:\rtklib\RTKLIB-rtklib_2.4.3\src\rcv\binex.c(205,36): warning C4100: “raw”: 未引用的形参
D:\rtklib\RTKLIB-rtklib_2.4.3\src\rcv\binex.c(211,66): warning C4100: “len”: 未引用的形参
D:\rtklib\RTKLIB-rtklib_2.4.3\src\rcv\binex.c(211,56): warning C4100: “buff”: 未引用的形参
D:\rtklib\RTKLIB-rtklib_2.4.3\src\rcv\binex.c(211,36): warning C4100: “raw”: 未引用的形参
D:\rtklib\RTKLIB-rtklib_2.4.3\src\rcv\binex.c(217,66): warning C4100: “len”: 未引用的形参
D:\rtklib\RTKLIB-rtklib_2.4.3\src\rcv\binex.c(217,56): warning C4100: “buff”: 未引用的形参
D:\rtklib\RTKLIB-rtklib_2.4.3\src\rcv\binex.c(217,36): warning C4100: “raw”: 未引用的形参
D:\rtklib\RTKLIB-rtklib_2.4.3\src\rcv\binex.c(223,66): warning C4100: “len”: 未引用的形参
D:\rtklib\RTKLIB-rtklib_2.4.3\src\rcv\binex.c(223,56): warning C4100: “buff”: 未引用的形参
D:\rtklib\RTKLIB-rtklib_2.4.3\src\rcv\binex.c(223,36): warning C4100: “raw”: 未引用的形参
D:\rtklib\RTKLIB-rtklib_2.4.3\src\rcv\binex.c(229,66): warning C4100: “len”: 未引用的形参
D:\rtklib\RTKLIB-rtklib_2.4.3\src\rcv\binex.c(229,56): warning C4100: “buff”: 未引用的形参
D:\rtklib\RTKLIB-rtklib_2.4.3\src\rcv\binex.c(229,36): warning C4100: “raw”: 未引用的形参
D:\rtklib\RTKLIB-rtklib_2.4.3\src\rcv\binex.c(235,66): warning C4100: “len”: 未引用的形参
D:\rtklib\RTKLIB-rtklib_2.4.3\src\rcv\binex.c(235,56): warning C4100: “buff”: 未引用的形参
D:\rtklib\RTKLIB-rtklib_2.4.3\src\rcv\binex.c(235,36): warning C4100: “raw”: 未引用的形参
D:\rtklib\RTKLIB-rtklib_2.4.3\src\rcv\binex.c(241,66): warning C4100: “len”: 未引用的形参
D:\rtklib\RTKLIB-rtklib_2.4.3\src\rcv\binex.c(241,56): warning C4100: “buff”: 未引用的形参
D:\rtklib\RTKLIB-rtklib_2.4.3\src\rcv\binex.c(241,36): warning C4100: “raw”: 未引用的形参
D:\rtklib\RTKLIB-rtklib_2.4.3\src\rcv\binex.c(247,66): warning C4100: “len”: 未引用的形参
D:\rtklib\RTKLIB-rtklib_2.4.3\src\rcv\binex.c(247,56): warning C4100: “buff”: 未引用的形参
D:\rtklib\RTKLIB-rtklib_2.4.3\src\rcv\binex.c(247,36): warning C4100: “raw”: 未引用的形参
D:\rtklib\RTKLIB-rtklib_2.4.3\src\rcv\binex.c(253,66): warning C4100: “len”: 未引用的形参
D:\rtklib\RTKLIB-rtklib_2.4.3\src\rcv\binex.c(253,56): warning C4100: “buff”: 未引用的形参
D:\rtklib\RTKLIB-rtklib_2.4.3\src\rcv\binex.c(253,36): warning C4100: “raw”: 未引用的形参
D:\rtklib\RTKLIB-rtklib_2.4.3\src\rcv\binex.c(259,66): warning C4100: “len”: 未引用的形参
D:\rtklib\RTKLIB-rtklib_2.4.3\src\rcv\binex.c(259,56): warning C4100: “buff”: 未引用的形参
D:\rtklib\RTKLIB-rtklib_2.4.3\src\rcv\binex.c(259,36): warning C4100: “raw”: 未引用的形参
D:\rtklib\RTKLIB-rtklib_2.4.3\src\rcv\binex.c(265,66): warning C4100: “len”: 未引用的形参
D:\rtklib\RTKLIB-rtklib_2.4.3\src\rcv\binex.c(265,56): warning C4100: “buff”: 未引用的形参
D:\rtklib\RTKLIB-rtklib_2.4.3\src\rcv\binex.c(265,36): warning C4100: “raw”: 未引用的形参
D:\rtklib\RTKLIB-rtklib_2.4.3\src\rcv\binex.c(271,66): warning C4100: “len”: 未引用的形参
D:\rtklib\RTKLIB-rtklib_2.4.3\src\rcv\binex.c(271,56): warning C4100: “buff”: 未引用的形参
  solution.c
D:\rtklib\RTKLIB-rtklib_2.4.3\src\rcv\binex.c(271,36): warning C4100: “raw”: 未引用的形参
D:\rtklib\RTKLIB-rtklib_2.4.3\src\rcv\binex.c(277,66): warning C4100: “len”: 未引用的形参
D:\rtklib\RTKLIB-rtklib_2.4.3\src\rcv\binex.c(277,56): warning C4100: “buff”: 未引用的形参
D:\rtklib\RTKLIB-rtklib_2.4.3\src\rcv\binex.c(277,36): warning C4100: “raw”: 未引用的形参
D:\rtklib\RTKLIB-rtklib_2.4.3\src\rcv\binex.c(283,66): warning C4100: “len”: 未引用的形参
D:\rtklib\RTKLIB-rtklib_2.4.3\src\rcv\binex.c(283,56): warning C4100: “buff”: 未引用的形参
D:\rtklib\RTKLIB-rtklib_2.4.3\src\rcv\binex.c(283,36): warning C4100: “raw”: 未引用的形参
D:\rtklib\RTKLIB-rtklib_2.4.3\src\rcv\binex.c(289,66): warning C4100: “len”: 未引用的形参
D:\rtklib\RTKLIB-rtklib_2.4.3\src\rcv\binex.c(289,56): warning C4100: “buff”: 未引用的形参
D:\rtklib\RTKLIB-rtklib_2.4.3\src\rcv\binex.c(289,36): warning C4100: “raw”: 未引用的形参
D:\rtklib\RTKLIB-rtklib_2.4.3\src\rcv\binex.c(295,66): warning C4100: “len”: 未引用的形参
D:\rtklib\RTKLIB-rtklib_2.4.3\src\rcv\binex.c(295,56): warning C4100: “buff”: 未引用的形参
D:\rtklib\RTKLIB-rtklib_2.4.3\src\rcv\binex.c(295,36): warning C4100: “raw”: 未引用的形参
D:\rtklib\RTKLIB-rtklib_2.4.3\src\rcv\binex.c(301,66): warning C4100: “len”: 未引用的形参
D:\rtklib\RTKLIB-rtklib_2.4.3\src\rcv\binex.c(301,56): warning C4100: “buff”: 未引用的形参
D:\rtklib\RTKLIB-rtklib_2.4.3\src\rcv\binex.c(301,36): warning C4100: “raw”: 未引用的形参
D:\rtklib\RTKLIB-rtklib_2.4.3\src\rcv\binex.c(307,66): warning C4100: “len”: 未引用的形参
D:\rtklib\RTKLIB-rtklib_2.4.3\src\rcv\binex.c(307,56): warning C4100: “buff”: 未引用的形参
D:\rtklib\RTKLIB-rtklib_2.4.3\src\rcv\binex.c(307,36): warning C4100: “raw”: 未引用的形参
D:\rtklib\RTKLIB-rtklib_2.4.3\src\rcv\binex.c(313,66): warning C4100: “len”: 未引用的形参
D:\rtklib\RTKLIB-rtklib_2.4.3\src\rcv\binex.c(313,56): warning C4100: “buff”: 未引用的形参
  stream.c
  streamsvr.c
D:\rtklib\RTKLIB-rtklib_2.4.3\src\rcv\binex.c(313,36): warning C4100: “raw”: 未引用的形参
D:\rtklib\RTKLIB-rtklib_2.4.3\src\rcv\binex.c(319,66): warning C4100: “len”: 未引用的形参
D:\rtklib\RTKLIB-rtklib_2.4.3\src\rcv\binex.c(319,56): warning C4100: “buff”: 未引用的形参
D:\rtklib\RTKLIB-rtklib_2.4.3\src\rcv\binex.c(319,36): warning C4100: “raw”: 未引用的形参
D:\rtklib\RTKLIB-rtklib_2.4.3\src\rcv\binex.c(325,66): warning C4100: “len”: 未引用的形参
D:\rtklib\RTKLIB-rtklib_2.4.3\src\rcv\binex.c(325,56): warning C4100: “buff”: 未引用的形参
D:\rtklib\RTKLIB-rtklib_2.4.3\src\rcv\binex.c(325,36): warning C4100: “raw”: 未引用的形参
D:\rtklib\RTKLIB-rtklib_2.4.3\src\rcv\binex.c(331,66): warning C4100: “len”: 未引用的形参
D:\rtklib\RTKLIB-rtklib_2.4.3\src\rcv\binex.c(331,56): warning C4100: “buff”: 未引用的形参
D:\rtklib\RTKLIB-rtklib_2.4.3\src\rcv\binex.c(331,36): warning C4100: “raw”: 未引用的形参
D:\rtklib\RTKLIB-rtklib_2.4.3\src\rcv\binex.c(337,66): warning C4100: “len”: 未引用的形参
D:\rtklib\RTKLIB-rtklib_2.4.3\src\rcv\binex.c(337,56): warning C4100: “buff”: 未引用的形参
D:\rtklib\RTKLIB-rtklib_2.4.3\src\rcv\binex.c(337,36): warning C4100: “raw”: 未引用的形参
D:\rtklib\RTKLIB-rtklib_2.4.3\src\rcv\binex.c(343,66): warning C4100: “len”: 未引用的形参
D:\rtklib\RTKLIB-rtklib_2.4.3\src\rcv\binex.c(343,56): warning C4100: “buff”: 未引用的形参
  tides.c
D:\rtklib\RTKLIB-rtklib_2.4.3\src\rcv\binex.c(343,36): warning C4100: “raw”: 未引用的形参
D:\rtklib\RTKLIB-rtklib_2.4.3\src\rcv\binex.c(349,66): warning C4100: “len”: 未引用的形参
D:\rtklib\RTKLIB-rtklib_2.4.3\src\rcv\binex.c(349,56): warning C4100: “buff”: 未引用的形参
D:\rtklib\RTKLIB-rtklib_2.4.3\src\rcv\binex.c(349,36): warning C4100: “raw”: 未引用的形参
D:\rtklib\RTKLIB-rtklib_2.4.3\src\rcv\binex.c(355,66): warning C4100: “len”: 未引用的形参
D:\rtklib\RTKLIB-rtklib_2.4.3\src\rcv\binex.c(355,56): warning C4100: “buff”: 未引用的形参
D:\rtklib\RTKLIB-rtklib_2.4.3\src\rcv\binex.c(355,36): warning C4100: “raw”: 未引用的形参
D:\rtklib\RTKLIB-rtklib_2.4.3\src\rcv\binex.c(420,66): warning C4100: “len”: 未引用的形参
D:\rtklib\RTKLIB-rtklib_2.4.3\src\rcv\binex.c(420,56): warning C4100: “buff”: 未引用的形参
D:\rtklib\RTKLIB-rtklib_2.4.3\src\rcv\binex.c(420,36): warning C4100: “raw”: 未引用的形参
D:\rtklib\RTKLIB-rtklib_2.4.3\src\rcv\binex.c(892,63): warning C4100: “len”: 未引用的形参
D:\rtklib\RTKLIB-rtklib_2.4.3\src\rcv\binex.c(892,53): warning C4100: “buff”: 未引用的形参
D:\rtklib\RTKLIB-rtklib_2.4.3\src\rcv\binex.c(892,33): warning C4100: “raw”: 未引用的形参
D:\rtklib\RTKLIB-rtklib_2.4.3\src\rcv\binex.c(898,63): warning C4100: “len”: 未引用的形参
D:\rtklib\RTKLIB-rtklib_2.4.3\src\rcv\binex.c(898,53): warning C4100: “buff”: 未引用的形参
D:\rtklib\RTKLIB-rtklib_2.4.3\src\rcv\binex.c(898,33): warning C4100: “raw”: 未引用的形参
D:\rtklib\RTKLIB-rtklib_2.4.3\src\rcv\binex.c(904,63): warning C4100: “len”: 未引用的形参
D:\rtklib\RTKLIB-rtklib_2.4.3\src\rcv\binex.c(904,53): warning C4100: “buff”: 未引用的形参
D:\rtklib\RTKLIB-rtklib_2.4.3\src\rcv\binex.c(904,33): warning C4100: “raw”: 未引用的形参
D:\rtklib\RTKLIB-rtklib_2.4.3\src\rcv\binex.c(910,63): warning C4100: “len”: 未引用的形参
D:\rtklib\RTKLIB-rtklib_2.4.3\src\rcv\binex.c(910,53): warning C4100: “buff”: 未引用的形参
D:\rtklib\RTKLIB-rtklib_2.4.3\src\rcv\binex.c(910,33): warning C4100: “raw”: 未引用的形参
D:\rtklib\RTKLIB-rtklib_2.4.3\src\rcv\binex.c(916,66): warning C4100: “len”: 未引用的形参
D:\rtklib\RTKLIB-rtklib_2.4.3\src\rcv\binex.c(916,56): warning C4100: “buff”: 未引用的形参
D:\rtklib\RTKLIB-rtklib_2.4.3\src\rcv\binex.c(916,36): warning C4100: “raw”: 未引用的形参
D:\rtklib\RTKLIB-rtklib_2.4.3\src\rcv\binex.c(922,66): warning C4100: “len”: 未引用的形参
D:\rtklib\RTKLIB-rtklib_2.4.3\src\rcv\binex.c(922,56): warning C4100: “buff”: 未引用的形参
D:\rtklib\RTKLIB-rtklib_2.4.3\src\rcv\binex.c(922,36): warning C4100: “raw”: 未引用的形参
D:\rtklib\RTKLIB-rtklib_2.4.3\src\rcv\binex.c(928,66): warning C4100: “len”: 未引用的形参
D:\rtklib\RTKLIB-rtklib_2.4.3\src\rcv\binex.c(928,56): warning C4100: “buff”: 未引用的形参
D:\rtklib\RTKLIB-rtklib_2.4.3\src\rcv\binex.c(928,36): warning C4100: “raw”: 未引用的形参
D:\rtklib\RTKLIB-rtklib_2.4.3\src\rcv\binex.c(934,66): warning C4100: “len”: 未引用的形参
D:\rtklib\RTKLIB-rtklib_2.4.3\src\rcv\binex.c(934,56): warning C4100: “buff”: 未引用的形参
D:\rtklib\RTKLIB-rtklib_2.4.3\src\rcv\binex.c(934,36): warning C4100: “raw”: 未引用的形参
D:\rtklib\RTKLIB-rtklib_2.4.3\src\rcv\binex.c(940,66): warning C4100: “len”: 未引用的形参
D:\rtklib\RTKLIB-rtklib_2.4.3\src\rcv\binex.c(940,56): warning C4100: “buff”: 未引用的形参
D:\rtklib\RTKLIB-rtklib_2.4.3\src\rcv\binex.c(940,36): warning C4100: “raw”: 未引用的形参
D:\rtklib\RTKLIB-rtklib_2.4.3\src\rcv\binex.c(1095,31): warning C4244: “=”: 从“double”转换到“float”，可能丢失数据
D:\rtklib\RTKLIB-rtklib_2.4.3\src\rcv\binex.c(1120,31): warning C4244: “=”: 从“double”转换到“float”，可能丢失数据
  tle.c
D:\rtklib\RTKLIB-rtklib_2.4.3\src\rtcm2.c(330,34): warning C4100: “rtcm”: 未引用的形参
D:\rtklib\RTKLIB-rtklib_2.4.3\src\rtcm2.c(335,34): warning C4100: “rtcm”: 未引用的形参
D:\rtklib\RTKLIB-rtklib_2.4.3\src\rtcm2.c(340,34): warning C4100: “rtcm”: 未引用的形参
D:\rtklib\RTKLIB-rtklib_2.4.3\src\rtcm2.c(345,34): warning C4100: “rtcm”: 未引用的形参
D:\rtklib\RTKLIB-rtklib_2.4.3\src\rtcm2.c(350,34): warning C4100: “rtcm”: 未引用的形参
D:\rtklib\RTKLIB-rtklib_2.4.3\src\rtcm2.c(355,34): warning C4100: “rtcm”: 未引用的形参
D:\rtklib\RTKLIB-rtklib_2.4.3\src\rtcm2.c(360,34): warning C4100: “rtcm”: 未引用的形参
D:\rtklib\RTKLIB-rtklib_2.4.3\src\rtcm2.c(365,34): warning C4100: “rtcm”: 未引用的形参
D:\rtklib\RTKLIB-rtklib_2.4.3\src\rinex.c(218,39): warning C4244: “return”: 从“double”转换到“int”，可能丢失数据
D:\rtklib\RTKLIB-rtklib_2.4.3\src\rcvraw.c(738,64): warning C4100: “leaps”: 未引用的形参
D:\rtklib\RTKLIB-rtklib_2.4.3\src\rinex.c(894,30): warning C4100: “ver”: 未引用的形参
D:\rtklib\RTKLIB-rtklib_2.4.3\src\rinex.c(2434,68): warning C4100: “nav”: 未引用的形参
D:\rtklib\RTKLIB-rtklib_2.4.3\src\rinex.c(2526,68): warning C4100: “nav”: 未引用的形参
D:\rtklib\RTKLIB-rtklib_2.4.3\src\rinex.c(2613,68): warning C4100: “nav”: 未引用的形参
D:\rtklib\RTKLIB-rtklib_2.4.3\src\rinex.c(2641,68): warning C4100: “nav”: 未引用的形参
D:\rtklib\RTKLIB-rtklib_2.4.3\src\rinex.c(2669,68): warning C4100: “nav”: 未引用的形参
D:\rtklib\RTKLIB-rtklib_2.4.3\src\rinex.c(2697,68): warning C4100: “nav”: 未引用的形参
D:\rtklib\RTKLIB-rtklib_2.4.3\src\rtcm3.c(670,36): warning C4100: “rtcm”: 未引用的形参
D:\rtklib\RTKLIB-rtklib_2.4.3\src\rtcm3.c(812,36): warning C4100: “rtcm”: 未引用的形参
D:\rtklib\RTKLIB-rtklib_2.4.3\src\rtcm3.c(818,36): warning C4100: “rtcm”: 未引用的形参
D:\rtklib\RTKLIB-rtklib_2.4.3\src\rtcm3.c(824,36): warning C4100: “rtcm”: 未引用的形参
D:\rtklib\RTKLIB-rtklib_2.4.3\src\rtcm3.c(830,36): warning C4100: “rtcm”: 未引用的形参
D:\rtklib\RTKLIB-rtklib_2.4.3\src\rtcm3.c(836,36): warning C4100: “rtcm”: 未引用的形参
D:\rtklib\RTKLIB-rtklib_2.4.3\src\rtcm3.c(842,36): warning C4100: “rtcm”: 未引用的形参
D:\rtklib\RTKLIB-rtklib_2.4.3\src\rtcm3.c(848,36): warning C4100: “rtcm”: 未引用的形参
D:\rtklib\RTKLIB-rtklib_2.4.3\src\rtcm3.c(886,36): warning C4100: “rtcm”: 未引用的形参
D:\rtklib\RTKLIB-rtklib_2.4.3\src\rtcm3.c(892,36): warning C4100: “rtcm”: 未引用的形参
D:\rtklib\RTKLIB-rtklib_2.4.3\src\rtcm3.c(898,36): warning C4100: “rtcm”: 未引用的形参
D:\rtklib\RTKLIB-rtklib_2.4.3\src\rtcm3.c(960,36): warning C4100: “rtcm”: 未引用的形参
D:\rtklib\RTKLIB-rtklib_2.4.3\src\rtcm3.c(966,36): warning C4100: “rtcm”: 未引用的形参
D:\rtklib\RTKLIB-rtklib_2.4.3\src\rtcm3.c(972,36): warning C4100: “rtcm”: 未引用的形参
D:\rtklib\RTKLIB-rtklib_2.4.3\src\rtcm3.c(978,36): warning C4100: “rtcm”: 未引用的形参
D:\rtklib\RTKLIB-rtklib_2.4.3\src\rtcm3.c(984,36): warning C4100: “rtcm”: 未引用的形参
D:\rtklib\RTKLIB-rtklib_2.4.3\src\rtcm3e.c(547,1): warning C4267: “初始化”: 从“size_t”转换到“int”，可能丢失数据
D:\rtklib\RTKLIB-rtklib_2.4.3\src\rtcm3e.c(567,1): warning C4267: “初始化”: 从“size_t”转换到“int”，可能丢失数据
D:\rtklib\RTKLIB-rtklib_2.4.3\src\rtcm3e.c(568,1): warning C4267: “初始化”: 从“size_t”转换到“int”，可能丢失数据
D:\rtklib\RTKLIB-rtklib_2.4.3\src\rtkpos.c(100,38): warning C4100: “azel”: 未引用的形参
D:\rtklib\RTKLIB-rtklib_2.4.3\src\rtkpos.c(99,75): warning C4100: “nav”: 未引用的形参
D:\rtklib\RTKLIB-rtklib_2.4.3\src\rtcm3.c(2229,36): warning C4100: “rtcm”: 未引用的形参
D:\rtklib\RTKLIB-rtklib_2.4.3\src\rtkpos.c(99,58): warning C4100: “ns”: 未引用的形参
D:\rtklib\RTKLIB-rtklib_2.4.3\src\rtkpos.c(99,50): warning C4100: “ir”: 未引用的形参
D:\rtklib\RTKLIB-rtklib_2.4.3\src\rtkpos.c(99,35): warning C4100: “iu”: 未引用的形参
D:\rtklib\RTKLIB-rtklib_2.4.3\src\rtkpos.c(98,66): warning C4100: “sat”: 未引用的形参
D:\rtklib\RTKLIB-rtklib_2.4.3\src\rtcm3e.c(900,1): warning C4267: “初始化”: 从“size_t”转换到“int”，可能丢失数据
D:\rtklib\RTKLIB-rtklib_2.4.3\src\rtcm3e.c(901,1): warning C4267: “初始化”: 从“size_t”转换到“int”，可能丢失数据
D:\rtklib\RTKLIB-rtklib_2.4.3\src\rtkpos.c(98,50): warning C4100: “obs”: 未引用的形参
D:\rtklib\RTKLIB-rtklib_2.4.3\src\rtcm3e.c(902,1): warning C4267: “初始化”: 从“size_t”转换到“int”，可能丢失数据
D:\rtklib\RTKLIB-rtklib_2.4.3\src\rtcm3e.c(903,1): warning C4267: “初始化”: 从“size_t”转换到“int”，可能丢失数据
D:\rtklib\RTKLIB-rtklib_2.4.3\src\rtkpos.c(98,31): warning C4100: “rtk”: 未引用的形参
D:\rtklib\RTKLIB-rtklib_2.4.3\src\rtcm3e.c(904,1): warning C4267: “初始化”: 从“size_t”转换到“int”，可能丢失数据
D:\rtklib\RTKLIB-rtklib_2.4.3\src\rtkpos.c(103,38): warning C4100: “azel”: 未引用的形参
D:\rtklib\RTKLIB-rtklib_2.4.3\src\rtksvr.c(561,47): warning C4244: “函数”: 从“__int64”转换到“int”，可能丢失数据
D:\rtklib\RTKLIB-rtklib_2.4.3\src\rtkpos.c(102,75): warning C4100: “nav”: 未引用的形参
D:\rtklib\RTKLIB-rtklib_2.4.3\src\rtkpos.c(102,58): warning C4100: “ns”: 未引用的形参
D:\rtklib\RTKLIB-rtklib_2.4.3\src\rtkpos.c(102,50): warning C4100: “ir”: 未引用的形参
D:\rtklib\RTKLIB-rtklib_2.4.3\src\rtkpos.c(102,35): warning C4100: “iu”: 未引用的形参
D:\rtklib\RTKLIB-rtklib_2.4.3\src\rtkpos.c(101,66): warning C4100: “sat”: 未引用的形参
D:\rtklib\RTKLIB-rtklib_2.4.3\src\rtkpos.c(101,50): warning C4100: “obs”: 未引用的形参
D:\rtklib\RTKLIB-rtklib_2.4.3\src\rtkpos.c(101,31): warning C4100: “rtk”: 未引用的形参
D:\rtklib\RTKLIB-rtklib_2.4.3\src\rtksvr.c(1130,62): warning C4244: “函数”: 从“__int64”转换到“int”，可能丢失数据
D:\rtklib\RTKLIB-rtklib_2.4.3\src\rtksvr.c(1131,52): warning C4244: “函数”: 从“__int64”转换到“int”，可能丢失数据
D:\rtklib\RTKLIB-rtklib_2.4.3\src\rtksvr.c(1138,56): warning C4244: “函数”: 从“__int64”转换到“int”，可能丢失数据
D:\rtklib\RTKLIB-rtklib_2.4.3\src\stream.c(385,31): warning C4133: “函数”: 从“char [128]”到“LPCWSTR”的类型不兼容
D:\rtklib\RTKLIB-rtklib_2.4.3\src\stream.c(400,26): warning C4133: “函数”: 从“char [64]”到“LPCWSTR”的类型不兼容
D:\rtklib\RTKLIB-rtklib_2.4.3\src\rtkpos.c(399,26): warning C4100: “sat”: 未引用的形参
D:\rtklib\RTKLIB-rtklib_2.4.3\src\stream.c(493,75): warning C4100: “msg”: 未引用的形参
D:\rtklib\RTKLIB-rtklib_2.4.3\src\stream.c(517,76): warning C4100: “msg”: 未引用的形参
D:\rtklib\RTKLIB-rtklib_2.4.3\src\stream.c(549,53): warning C4311: “类型强制转换”: 从“HANDLE”到“int”的指针截断
D:\rtklib\RTKLIB-rtklib_2.4.3\src\rtcm3e.c(1799,52): warning C4100: “nsat”: 未引用的形参
D:\rtklib\RTKLIB-rtklib_2.4.3\src\rtkpos.c(575,50): warning C4100: “bl”: 未引用的形参
D:\rtklib\RTKLIB-rtklib_2.4.3\src\rtcm3e.c(1831,52): warning C4100: “nsat”: 未引用的形参
D:\rtklib\RTKLIB-rtklib_2.4.3\src\stream.c(683,56): warning C4267: “=”: 从“size_t”转换到“unsigned int”，可能丢失数据
D:\rtklib\RTKLIB-rtklib_2.4.3\src\rtkpos.c(716,37): warning C4100: “nav”: 未引用的形参
D:\rtklib\RTKLIB-rtklib_2.4.3\src\rtkpos.c(715,66): warning C4100: “rcv”: 未引用的形参
D:\rtklib\RTKLIB-rtklib_2.4.3\src\stream.c(830,44): warning C4267: “=”: 从“size_t”转换到“long”，可能丢失数据
D:\rtklib\RTKLIB-rtklib_2.4.3\src\rtkpos.c(715,59): warning C4100: “i”: 未引用的形参
D:\rtklib\RTKLIB-rtklib_2.4.3\src\rtkpos.c(715,50): warning C4100: “obs”: 未引用的形参
D:\rtklib\RTKLIB-rtklib_2.4.3\src\rtkpos.c(715,31): warning C4100: “rtk”: 未引用的形参
D:\rtklib\RTKLIB-rtklib_2.4.3\src\stream.c(775,12): warning C4101: “rs”: 未引用的局部变量
D:\rtklib\RTKLIB-rtklib_2.4.3\src\rtkcmn.c(3115,24): warning C4477: “sprintf”: 格式字符串“%s”需要类型“char *”的参数，但可变参数 2 拥有了类型“WCHAR *”
D:\rtklib\RTKLIB-rtklib_2.4.3\src\rtkcmn.c(3115,24): message : 请考虑在格式字符串中使用“%ls”
D:\rtklib\RTKLIB-rtklib_2.4.3\src\rtkcmn.c(3115,24): message : 请考虑在格式字符串中使用“%lls”
D:\rtklib\RTKLIB-rtklib_2.4.3\src\rtkcmn.c(3115,24): message : 请考虑在格式字符串中使用“%Ls”
D:\rtklib\RTKLIB-rtklib_2.4.3\src\rtkcmn.c(3115,24): message : 请考虑在格式字符串中使用“%ws”
D:\rtklib\RTKLIB-rtklib_2.4.3\src\stream.c(774,20): warning C4189: “tv”: 局部变量已初始化但不引用
D:\rtklib\RTKLIB-rtklib_2.4.3\src\rtkcmn.c(3118,28): warning C4477: “sprintf”: 格式字符串“%s”需要类型“char *”的参数，但可变参数 2 拥有了类型“WCHAR *”
D:\rtklib\RTKLIB-rtklib_2.4.3\src\rtkcmn.c(3118,28): message : 请考虑在格式字符串中使用“%ls”
D:\rtklib\RTKLIB-rtklib_2.4.3\src\rtkcmn.c(3118,28): message : 请考虑在格式字符串中使用“%lls”
D:\rtklib\RTKLIB-rtklib_2.4.3\src\rtkcmn.c(3118,28): message : 请考虑在格式字符串中使用“%Ls”
D:\rtklib\RTKLIB-rtklib_2.4.3\src\rtkcmn.c(3118,28): message : 请考虑在格式字符串中使用“%ws”
D:\rtklib\RTKLIB-rtklib_2.4.3\src\stream.c(992,22): warning C4244: “函数”: 从“SOCKET”转换到“int”，可能丢失数据
D:\rtklib\RTKLIB-rtklib_2.4.3\src\rtkcmn.c(3178,25): warning C4133: “函数”: 从“char [1024]”到“LPCWSTR”的类型不兼容
D:\rtklib\RTKLIB-rtklib_2.4.3\src\stream.c(1034,22): warning C4244: “函数”: 从“SOCKET”转换到“int”，可能丢失数据
D:\rtklib\RTKLIB-rtklib_2.4.3\src\stream.c(1047,22): warning C4244: “函数”: 从“SOCKET”转换到“int”，可能丢失数据
D:\rtklib\RTKLIB-rtklib_2.4.3\src\rtkcmn.c(3530,33): warning C4100: “time”: 未引用的形参
D:\rtklib\RTKLIB-rtklib_2.4.3\src\rtkpos.c(1078,40): warning C4100: “sat2”: 未引用的形参
D:\rtklib\RTKLIB-rtklib_2.4.3\src\rtkpos.c(1078,30): warning C4100: “sat1”: 未引用的形参
D:\rtklib\RTKLIB-rtklib_2.4.3\src\stream.c(1456,49): warning C4100: “msg”: 未引用的形参
D:\rtklib\RTKLIB-rtklib_2.4.3\src\stream.c(1492,60): warning C4244: “函数”: 从“__int64”转换到“int”，可能丢失数据
D:\rtklib\RTKLIB-rtklib_2.4.3\src\rtkpos.c(1374,57): warning C4100: “nb”: 未引用的形参
D:\rtklib\RTKLIB-rtklib_2.4.3\src\stream.c(1516,58): warning C4267: “函数”: 从“size_t”转换到“int”，可能丢失数据
D:\rtklib\RTKLIB-rtklib_2.4.3\src\stream.c(1521,60): warning C4244: “函数”: 从“__int64”转换到“int”，可能丢失数据
D:\rtklib\RTKLIB-rtklib_2.4.3\src\stream.c(1541,23): warning C4244: “-=”: 从“__int64”转换到“int”，可能丢失数据
D:\rtklib\RTKLIB-rtklib_2.4.3\src\stream.c(1582,23): warning C4244: “-=”: 从“__int64”转换到“int”，可能丢失数据
D:\rtklib\RTKLIB-rtklib_2.4.3\src\stream.c(1840,48): warning C4267: “=”: 从“size_t”转换到“int”，可能丢失数据
D:\rtklib\RTKLIB-rtklib_2.4.3\src\stream.c(1847,52): warning C4267: “函数”: 从“size_t”转换到“int”，可能丢失数据
D:\rtklib\RTKLIB-rtklib_2.4.3\src\stream.c(1898,58): warning C4267: “函数”: 从“size_t”转换到“int”，可能丢失数据
D:\rtklib\RTKLIB-rtklib_2.4.3\src\stream.c(1903,33): warning C4267: “函数”: 从“size_t”转换到“int”，可能丢失数据
D:\rtklib\RTKLIB-rtklib_2.4.3\src\stream.c(1909,72): warning C4267: “函数”: 从“size_t”转换到“int”，可能丢失数据
D:\rtklib\RTKLIB-rtklib_2.4.3\src\stream.c(1942,27): warning C4244: “=”: 从“__int64”转换到“int”，可能丢失数据
D:\rtklib\RTKLIB-rtklib_2.4.3\src\stream.c(1949,76): warning C4267: “函数”: 从“size_t”转换到“int”，可能丢失数据
D:\rtklib\RTKLIB-rtklib_2.4.3\src\stream.c(1956,76): warning C4267: “函数”: 从“size_t”转换到“int”，可能丢失数据
D:\rtklib\RTKLIB-rtklib_2.4.3\src\solution.c(558,54): warning C4100: “opt”: 未引用的形参
D:\rtklib\RTKLIB-rtklib_2.4.3\src\stream.c(1964,80): warning C4267: “函数”: 从“size_t”转换到“int”，可能丢失数据
D:\rtklib\RTKLIB-rtklib_2.4.3\src\stream.c(1970,72): warning C4267: “函数”: 从“size_t”转换到“int”，可能丢失数据
D:\rtklib\RTKLIB-rtklib_2.4.3\src\stream.c(2200,30): warning C4244: “函数”: 从“SOCKET”转换到“int”，可能丢失数据
D:\rtklib\RTKLIB-rtklib_2.4.3\src\stream.c(2191,72): warning C4100: “msg”: 未引用的形参
D:\rtklib\RTKLIB-rtklib_2.4.3\src\stream.c(2250,73): warning C4100: “msg”: 未引用的形参
D:\rtklib\RTKLIB-rtklib_2.4.3\src\solution.c(1130,26): warning C4244: “return”: 从“__int64”转换到“int”，可能丢失数据
D:\rtklib\RTKLIB-rtklib_2.4.3\src\stream.c(2526,40): warning C4100: “msg”: 未引用的形参
D:\rtklib\RTKLIB-rtklib_2.4.3\src\solution.c(1173,26): warning C4244: “return”: 从“__int64”转换到“int”，可能丢失数据
D:\rtklib\RTKLIB-rtklib_2.4.3\src\stream.c(2566,75): warning C4100: “msg”: 未引用的形参
D:\rtklib\RTKLIB-rtklib_2.4.3\src\solution.c(1195,26): warning C4244: “return”: 从“__int64”转换到“int”，可能丢失数据
D:\rtklib\RTKLIB-rtklib_2.4.3\src\solution.c(1211,30): warning C4244: “return”: 从“__int64”转换到“int”，可能丢失数据
D:\rtklib\RTKLIB-rtklib_2.4.3\src\solution.c(1236,26): warning C4244: “return”: 从“__int64”转换到“int”，可能丢失数据
D:\rtklib\RTKLIB-rtklib_2.4.3\src\sbas.c(600,31): warning C4100: “time”: 未引用的形参
D:\rtklib\RTKLIB-rtklib_2.4.3\src\solution.c(1252,30): warning C4244: “return”: 从“__int64”转换到“int”，可能丢失数据
D:\rtklib\RTKLIB-rtklib_2.4.3\src\stream.c(3143,41): warning C4267: “+=”: 从“size_t”转换到“int”，可能丢失数据
D:\rtklib\RTKLIB-rtklib_2.4.3\src\solution.c(1269,26): warning C4244: “return”: 从“__int64”转换到“int”，可能丢失数据
D:\rtklib\RTKLIB-rtklib_2.4.3\src\solution.c(1285,30): warning C4244: “return”: 从“__int64”转换到“int”，可能丢失数据
D:\rtklib\RTKLIB-rtklib_2.4.3\src\solution.c(1346,26): warning C4244: “return”: 从“__int64”转换到“int”，可能丢失数据
D:\rtklib\RTKLIB-rtklib_2.4.3\src\solution.c(1362,30): warning C4244: “return”: 从“__int64”转换到“int”，可能丢失数据
D:\rtklib\RTKLIB-rtklib_2.4.3\src\streamsvr.c(279,31): warning C4100: “time”: 未引用的形参
D:\rtklib\RTKLIB-rtklib_2.4.3\src\solution.c(1440,26): warning C4244: “return”: 从“__int64”转换到“int”，可能丢失数据
D:\rtklib\RTKLIB-rtklib_2.4.3\src\streamsvr.c(593,49): warning C4028: 形参 6 与声明不同
D:\rtklib\RTKLIB-rtklib_2.4.3\src\solution.c(1513,26): warning C4244: “return”: 从“__int64”转换到“int”，可能丢失数据
D:\rtklib\RTKLIB-rtklib_2.4.3\src\streamsvr.c(593,62): warning C4028: 形参 7 与声明不同
D:\rtklib\RTKLIB-rtklib_2.4.3\src\streamsvr.c(595,1): warning C4029: 声明的形参表不同于定义
D:\rtklib\RTKLIB-rtklib_2.4.3\src\solution.c(1580,26): warning C4244: “return”: 从“__int64”转换到“int”，可能丢失数据
D:\rtklib\RTKLIB-rtklib_2.4.3\src\streamsvr.c(673,46): warning C4028: 形参 2 与声明不同
D:\rtklib\RTKLIB-rtklib_2.4.3\src\solution.c(1643,18): warning C4244: “return”: 从“__int64”转换到“int”，可能丢失数据
D:\rtklib\RTKLIB-rtklib_2.4.3\src\solution.c(1674,18): warning C4244: “return”: 从“__int64”转换到“int”，可能丢失数据
D:\rtklib\RTKLIB-rtklib_2.4.3\src\tle.c(275,26): warning C4267: “=”: 从“size_t”转换到“int”，可能丢失数据
  src.vcxproj -> D:\rtklib\RTKLIB-rtklib_2.4.3\src\debug\RTKLib.lib
