d:\pcy\rtklib-rtklib_2.4.3\rtklib-rtklib_2.4.3\app\rtknavi_qt\debug\main.obj
d:\pcy\rtklib-rtklib_2.4.3\rtklib-rtklib_2.4.3\app\rtknavi_qt\debug\naviopt.obj
d:\pcy\rtklib-rtklib_2.4.3\rtklib-rtklib_2.4.3\app\rtknavi_qt\debug\instrdlg.obj
d:\pcy\rtklib-rtklib_2.4.3\rtklib-rtklib_2.4.3\app\rtknavi_qt\debug\navimain.obj
d:\pcy\rtklib-rtklib_2.4.3\rtklib-rtklib_2.4.3\app\rtknavi_qt\debug\serioptdlg.obj
d:\pcy\rtklib-rtklib_2.4.3\rtklib-rtklib_2.4.3\app\rtknavi_qt\debug\vieweropt.obj
d:\pcy\rtklib-rtklib_2.4.3\rtklib-rtklib_2.4.3\app\rtknavi_qt\debug\cmdoptdlg.obj
d:\pcy\rtklib-rtklib_2.4.3\rtklib-rtklib_2.4.3\app\rtknavi_qt\debug\fileoptdlg.obj
d:\pcy\rtklib-rtklib_2.4.3\rtklib-rtklib_2.4.3\app\rtknavi_qt\debug\outstrdlg.obj
d:\pcy\rtklib-rtklib_2.4.3\rtklib-rtklib_2.4.3\app\rtknavi_qt\debug\viewer.obj
d:\pcy\rtklib-rtklib_2.4.3\rtklib-rtklib_2.4.3\app\rtknavi_qt\debug\graph.obj
d:\pcy\rtklib-rtklib_2.4.3\rtklib-rtklib_2.4.3\app\rtknavi_qt\debug\rcvoptdlg.obj
d:\pcy\rtklib-rtklib_2.4.3\rtklib-rtklib_2.4.3\app\rtknavi_qt\debug\ftpoptdlg.obj
d:\pcy\rtklib-rtklib_2.4.3\rtklib-rtklib_2.4.3\app\rtknavi_qt\debug\tcpoptdlg.obj
d:\pcy\rtklib-rtklib_2.4.3\rtklib-rtklib_2.4.3\app\rtknavi_qt\debug\mondlg.obj
d:\pcy\rtklib-rtklib_2.4.3\rtklib-rtklib_2.4.3\app\rtknavi_qt\debug\moc_instrdlg.obj
d:\pcy\rtklib-rtklib_2.4.3\rtklib-rtklib_2.4.3\app\rtknavi_qt\debug\moc_viewer.obj
d:\pcy\rtklib-rtklib_2.4.3\rtklib-rtklib_2.4.3\app\rtknavi_qt\debug\moc_mondlg.obj
d:\pcy\rtklib-rtklib_2.4.3\rtklib-rtklib_2.4.3\app\rtknavi_qt\debug\moc_navimain.obj
d:\pcy\rtklib-rtklib_2.4.3\rtklib-rtklib_2.4.3\app\rtknavi_qt\debug\moc_ftpoptdlg.obj
d:\pcy\rtklib-rtklib_2.4.3\rtklib-rtklib_2.4.3\app\rtknavi_qt\debug\moc_rcvoptdlg.obj
d:\pcy\rtklib-rtklib_2.4.3\rtklib-rtklib_2.4.3\app\rtknavi_qt\debug\qrc_rtknavi_qt.obj
d:\pcy\rtklib-rtklib_2.4.3\rtklib-rtklib_2.4.3\app\rtknavi_qt\debug\moc_outstrdlg.obj
d:\pcy\rtklib-rtklib_2.4.3\rtklib-rtklib_2.4.3\app\rtknavi_qt\debug\moc_vieweropt.obj
d:\pcy\rtklib-rtklib_2.4.3\rtklib-rtklib_2.4.3\app\rtknavi_qt\debug\moc_naviopt.obj
d:\pcy\rtklib-rtklib_2.4.3\rtklib-rtklib_2.4.3\app\rtknavi_qt\debug\moc_fileoptdlg.obj
d:\pcy\rtklib-rtklib_2.4.3\rtklib-rtklib_2.4.3\app\rtknavi_qt\debug\moc_tcpoptdlg.obj
d:\pcy\rtklib-rtklib_2.4.3\rtklib-rtklib_2.4.3\app\rtknavi_qt\debug\moc_cmdoptdlg.obj
d:\pcy\rtklib-rtklib_2.4.3\rtklib-rtklib_2.4.3\app\rtknavi_qt\debug\moc_serioptdlg.obj
d:\pcy\rtklib-rtklib_2.4.3\rtklib-rtklib_2.4.3\app\rtknavi_qt\debug\vc142.pdb
d:\pcy\rtklib-rtklib_2.4.3\rtklib-rtklib_2.4.3\app\rtknavi_qt\debug\moc_predefs.h
d:\pcy\rtklib-rtklib_2.4.3\rtklib-rtklib_2.4.3\app\rtknavi_qt\debug\rtknavi_qt.exe
d:\pcy\rtklib-rtklib_2.4.3\rtklib-rtklib_2.4.3\app\rtknavi_qt\debug\rtknavi_qt.ilk
d:\pcy\rtklib-rtklib_2.4.3\rtklib-rtklib_2.4.3\app\rtknavi_qt\debug\rtknavi_qt.pdb
d:\pcy\rtklib-rtklib_2.4.3\rtklib-rtklib_2.4.3\app\rtknavi_qt\debug\moc_cmdoptdlg.cpp
d:\pcy\rtklib-rtklib_2.4.3\rtklib-rtklib_2.4.3\app\rtknavi_qt\debug\moc_fileoptdlg.cpp
d:\pcy\rtklib-rtklib_2.4.3\rtklib-rtklib_2.4.3\app\rtknavi_qt\debug\moc_ftpoptdlg.cpp
d:\pcy\rtklib-rtklib_2.4.3\rtklib-rtklib_2.4.3\app\rtknavi_qt\debug\moc_instrdlg.cpp
d:\pcy\rtklib-rtklib_2.4.3\rtklib-rtklib_2.4.3\app\rtknavi_qt\debug\moc_mondlg.cpp
d:\pcy\rtklib-rtklib_2.4.3\rtklib-rtklib_2.4.3\app\rtknavi_qt\debug\moc_navimain.cpp
d:\pcy\rtklib-rtklib_2.4.3\rtklib-rtklib_2.4.3\app\rtknavi_qt\debug\moc_naviopt.cpp
d:\pcy\rtklib-rtklib_2.4.3\rtklib-rtklib_2.4.3\app\rtknavi_qt\debug\moc_outstrdlg.cpp
d:\pcy\rtklib-rtklib_2.4.3\rtklib-rtklib_2.4.3\app\rtknavi_qt\debug\moc_rcvoptdlg.cpp
d:\pcy\rtklib-rtklib_2.4.3\rtklib-rtklib_2.4.3\app\rtknavi_qt\debug\moc_serioptdlg.cpp
d:\pcy\rtklib-rtklib_2.4.3\rtklib-rtklib_2.4.3\app\rtknavi_qt\debug\moc_tcpoptdlg.cpp
d:\pcy\rtklib-rtklib_2.4.3\rtklib-rtklib_2.4.3\app\rtknavi_qt\debug\moc_viewer.cpp
d:\pcy\rtklib-rtklib_2.4.3\rtklib-rtklib_2.4.3\app\rtknavi_qt\debug\moc_vieweropt.cpp
d:\pcy\rtklib-rtklib_2.4.3\rtklib-rtklib_2.4.3\app\rtknavi_qt\debug\rtknavi_qt.res
d:\pcy\rtklib-rtklib_2.4.3\rtklib-rtklib_2.4.3\app\rtknavi_qt\debug\qrc_rtknavi_qt.cpp
d:\pcy\rtklib-rtklib_2.4.3\rtklib-rtklib_2.4.3\app\rtknavi_qt\ui_cmdoptdlg.h
d:\pcy\rtklib-rtklib_2.4.3\rtklib-rtklib_2.4.3\app\rtknavi_qt\ui_fileoptdlg.h
d:\pcy\rtklib-rtklib_2.4.3\rtklib-rtklib_2.4.3\app\rtknavi_qt\ui_ftpoptdlg.h
d:\pcy\rtklib-rtklib_2.4.3\rtklib-rtklib_2.4.3\app\rtknavi_qt\ui_instrdlg.h
d:\pcy\rtklib-rtklib_2.4.3\rtklib-rtklib_2.4.3\app\rtknavi_qt\ui_mondlg.h
d:\pcy\rtklib-rtklib_2.4.3\rtklib-rtklib_2.4.3\app\rtknavi_qt\ui_navimain.h
d:\pcy\rtklib-rtklib_2.4.3\rtklib-rtklib_2.4.3\app\rtknavi_qt\ui_naviopt.h
d:\pcy\rtklib-rtklib_2.4.3\rtklib-rtklib_2.4.3\app\rtknavi_qt\ui_outstrdlg.h
d:\pcy\rtklib-rtklib_2.4.3\rtklib-rtklib_2.4.3\app\rtknavi_qt\ui_rcvoptdlg.h
d:\pcy\rtklib-rtklib_2.4.3\rtklib-rtklib_2.4.3\app\rtknavi_qt\ui_serioptdlg.h
d:\pcy\rtklib-rtklib_2.4.3\rtklib-rtklib_2.4.3\app\rtknavi_qt\ui_tcpoptdlg.h
d:\pcy\rtklib-rtklib_2.4.3\rtklib-rtklib_2.4.3\app\rtknavi_qt\ui_viewer.h
d:\pcy\rtklib-rtklib_2.4.3\rtklib-rtklib_2.4.3\app\rtknavi_qt\ui_vieweropt.h
d:\pcy\rtklib-rtklib_2.4.3\rtklib-rtklib_2.4.3\app\rtknavi_qt\debug\rtknavi_qt.tlog\cl.command.1.tlog
d:\pcy\rtklib-rtklib_2.4.3\rtklib-rtklib_2.4.3\app\rtknavi_qt\debug\rtknavi_qt.tlog\cl.read.1.tlog
d:\pcy\rtklib-rtklib_2.4.3\rtklib-rtklib_2.4.3\app\rtknavi_qt\debug\rtknavi_qt.tlog\cl.write.1.tlog
d:\pcy\rtklib-rtklib_2.4.3\rtklib-rtklib_2.4.3\app\rtknavi_qt\debug\rtknavi_qt.tlog\custombuild.command.1.tlog
d:\pcy\rtklib-rtklib_2.4.3\rtklib-rtklib_2.4.3\app\rtknavi_qt\debug\rtknavi_qt.tlog\custombuild.read.1.tlog
d:\pcy\rtklib-rtklib_2.4.3\rtklib-rtklib_2.4.3\app\rtknavi_qt\debug\rtknavi_qt.tlog\custombuild.write.1.tlog
d:\pcy\rtklib-rtklib_2.4.3\rtklib-rtklib_2.4.3\app\rtknavi_qt\debug\rtknavi_qt.tlog\link.command.1.tlog
d:\pcy\rtklib-rtklib_2.4.3\rtklib-rtklib_2.4.3\app\rtknavi_qt\debug\rtknavi_qt.tlog\link.read.1.tlog
d:\pcy\rtklib-rtklib_2.4.3\rtklib-rtklib_2.4.3\app\rtknavi_qt\debug\rtknavi_qt.tlog\link.write.1.tlog
d:\pcy\rtklib-rtklib_2.4.3\rtklib-rtklib_2.4.3\app\rtknavi_qt\debug\rtknavi_qt.tlog\moc.read.1u.tlog
d:\pcy\rtklib-rtklib_2.4.3\rtklib-rtklib_2.4.3\app\rtknavi_qt\debug\rtknavi_qt.tlog\moc.write.1u.tlog
d:\pcy\rtklib-rtklib_2.4.3\rtklib-rtklib_2.4.3\app\rtknavi_qt\debug\rtknavi_qt.tlog\rc.command.1.tlog
d:\pcy\rtklib-rtklib_2.4.3\rtklib-rtklib_2.4.3\app\rtknavi_qt\debug\rtknavi_qt.tlog\rc.read.1.tlog
d:\pcy\rtklib-rtklib_2.4.3\rtklib-rtklib_2.4.3\app\rtknavi_qt\debug\rtknavi_qt.tlog\rc.write.1.tlog
d:\pcy\rtklib-rtklib_2.4.3\rtklib-rtklib_2.4.3\app\rtknavi_qt\debug\rtknavi_qt.tlog\rcc.read.1u.tlog
d:\pcy\rtklib-rtklib_2.4.3\rtklib-rtklib_2.4.3\app\rtknavi_qt\debug\rtknavi_qt.tlog\rcc.write.1u.tlog
d:\pcy\rtklib-rtklib_2.4.3\rtklib-rtklib_2.4.3\app\rtknavi_qt\debug\rtknavi_qt.tlog\rtknavi_qt.write.1u.tlog
d:\pcy\rtklib-rtklib_2.4.3\rtklib-rtklib_2.4.3\app\rtknavi_qt\debug\rtknavi_qt.tlog\uic.read.1u.tlog
d:\pcy\rtklib-rtklib_2.4.3\rtklib-rtklib_2.4.3\app\rtknavi_qt\debug\rtknavi_qt.tlog\uic.write.1u.tlog
